SIGMA-main/app/build/intermediates/manifest_merge_blame_file/debug/processDebugMainManifest/manifest-merger-blame-debug-report.txt
1<?xml version="1.0" encoding="utf-8"?>
2<manifest xmlns:android="http://schemas.android.com/apk/res/android"
3    package="com.example.login"
4    android:versionCode="1"
5    android:versionName="1.0" >
6
7    <uses-sdk
8        android:minSdkVersion="24"
9        android:targetSdkVersion="35" />
10
11    <uses-permission android:name="android.permission.ACCESS_COARSE_LOCATION" />
11-->src\main\AndroidManifest.xml:5:5-81
11-->src\main\AndroidManifest.xml:5:22-78
12    <uses-permission android:name="android.permission.CALL_PHONE" />
12-->src\main\AndroidManifest.xml:6:5-69
12-->src\main\AndroidManifest.xml:6:22-66
13    <uses-permission android:name="android.permission.ACCESS_FINE_LOCATION" />
13-->src\main\AndroidManifest.xml:7:5-79
13-->src\main\AndroidManifest.xml:7:22-76
14    <uses-permission android:name="android.permission.INTERNET" />
14-->src\main\AndroidManifest.xml:9:5-66
14-->src\main\AndroidManifest.xml:9:22-64
15
16    <uses-feature
16-->src\main\AndroidManifest.xml:10:5-87
17        android:name="android.hardware.telephony"
17-->src\main\AndroidManifest.xml:10:19-60
18        android:required="false" />
18-->src\main\AndroidManifest.xml:10:61-85
19
20    <uses-permission android:name="android.permission.USE_BIOMETRIC" /> <!-- suppress DeprecatedClassUsageInspection -->
20-->[androidx.biometric:biometric:1.1.0] AndroidManifest.xml:24:5-72
20-->[androidx.biometric:biometric:1.1.0] AndroidManifest.xml:24:22-69
21    <uses-permission android:name="android.permission.USE_FINGERPRINT" />
21-->[androidx.biometric:biometric:1.1.0] AndroidManifest.xml:27:5-74
21-->[androidx.biometric:biometric:1.1.0] AndroidManifest.xml:27:22-71
22    <uses-permission android:name="android.permission.ACCESS_NETWORK_STATE" />
22-->[com.pierfrancescosoffritti.androidyoutubeplayer:core:12.1.0] AndroidManifest.xml:8:5-79
22-->[com.pierfrancescosoffritti.androidyoutubeplayer:core:12.1.0] AndroidManifest.xml:8:22-76
23    <uses-permission android:name="android.permission.POST_NOTIFICATIONS" />
23-->[com.google.firebase:firebase-messaging:23.4.0] AndroidManifest.xml:23:5-77
23-->[com.google.firebase:firebase-messaging:23.4.0] AndroidManifest.xml:23:22-74
24    <uses-permission android:name="android.permission.WAKE_LOCK" /> <!-- Required by older versions of Google Play services to create IID tokens -->
24-->[com.google.firebase:firebase-messaging:23.4.0] AndroidManifest.xml:24:5-68
24-->[com.google.firebase:firebase-messaging:23.4.0] AndroidManifest.xml:24:22-65
25    <uses-permission android:name="com.google.android.c2dm.permission.RECEIVE" />
25-->[com.google.firebase:firebase-messaging:23.4.0] AndroidManifest.xml:26:5-82
25-->[com.google.firebase:firebase-messaging:23.4.0] AndroidManifest.xml:26:22-79
26
27    <permission
27-->[androidx.core:core:1.15.0] AndroidManifest.xml:22:5-24:47
28        android:name="com.example.login.DYNAMIC_RECEIVER_NOT_EXPORTED_PERMISSION"
28-->[androidx.core:core:1.15.0] AndroidManifest.xml:23:9-81
29        android:protectionLevel="signature" />
29-->[androidx.core:core:1.15.0] AndroidManifest.xml:24:9-44
30
31    <uses-permission android:name="com.example.login.DYNAMIC_RECEIVER_NOT_EXPORTED_PERMISSION" />
31-->[androidx.core:core:1.15.0] AndroidManifest.xml:26:5-97
31-->[androidx.core:core:1.15.0] AndroidManifest.xml:26:22-94
32
33    <application
33-->src\main\AndroidManifest.xml:11:5-32:19
34        android:allowBackup="true"
34-->src\main\AndroidManifest.xml:12:9-35
35        android:appComponentFactory="androidx.core.app.CoreComponentFactory"
35-->[androidx.core:core:1.15.0] AndroidManifest.xml:28:18-86
36        android:dataExtractionRules="@xml/data_extraction_rules"
36-->src\main\AndroidManifest.xml:13:9-65
37        android:debuggable="true"
38        android:extractNativeLibs="false"
39        android:fullBackupContent="@xml/backup_rules"
39-->src\main\AndroidManifest.xml:14:9-54
40        android:icon="@mipmap/ic_launcher"
40-->src\main\AndroidManifest.xml:15:9-43
41        android:label="@string/app_name"
41-->src\main\AndroidManifest.xml:16:9-41
42        android:roundIcon="@mipmap/ic_launcher_round"
42-->src\main\AndroidManifest.xml:17:9-54
43        android:supportsRtl="true"
43-->src\main\AndroidManifest.xml:18:9-35
44        android:testOnly="true"
45        android:theme="@style/Theme.Login" >
45-->src\main\AndroidManifest.xml:19:9-43
46        <activity
46-->src\main\AndroidManifest.xml:21:9-31:20
47            android:name="com.example.login.MainActivity"
47-->src\main\AndroidManifest.xml:22:13-41
48            android:exported="true"
48-->src\main\AndroidManifest.xml:23:13-36
49            android:label="@string/app_name"
49-->src\main\AndroidManifest.xml:24:13-45
50            android:theme="@style/Theme.Login" >
50-->src\main\AndroidManifest.xml:25:13-47
51            <intent-filter>
51-->src\main\AndroidManifest.xml:26:13-30:29
52                <action android:name="android.intent.action.MAIN" />
52-->src\main\AndroidManifest.xml:27:17-69
52-->src\main\AndroidManifest.xml:27:25-66
53
54                <category android:name="android.intent.category.LAUNCHER" />
54-->src\main\AndroidManifest.xml:29:17-77
54-->src\main\AndroidManifest.xml:29:27-74
55            </intent-filter>
56        </activity>
57
58        <service
58-->[androidx.credentials:credentials-play-services-auth:1.5.0-rc01] AndroidManifest.xml:24:9-32:19
59            android:name="androidx.credentials.playservices.CredentialProviderMetadataHolder"
59-->[androidx.credentials:credentials-play-services-auth:1.5.0-rc01] AndroidManifest.xml:25:13-94
60            android:enabled="true"
60-->[androidx.credentials:credentials-play-services-auth:1.5.0-rc01] AndroidManifest.xml:26:13-35
61            android:exported="false" >
61-->[androidx.credentials:credentials-play-services-auth:1.5.0-rc01] AndroidManifest.xml:27:13-37
62            <meta-data
62-->[androidx.credentials:credentials-play-services-auth:1.5.0-rc01] AndroidManifest.xml:29:13-31:104
63                android:name="androidx.credentials.CREDENTIAL_PROVIDER_KEY"
63-->[androidx.credentials:credentials-play-services-auth:1.5.0-rc01] AndroidManifest.xml:30:17-76
64                android:value="androidx.credentials.playservices.CredentialProviderPlayServicesImpl" />
64-->[androidx.credentials:credentials-play-services-auth:1.5.0-rc01] AndroidManifest.xml:31:17-101
65        </service>
66
67        <activity
67-->[androidx.credentials:credentials-play-services-auth:1.5.0-rc01] AndroidManifest.xml:34:9-41:20
68            android:name="androidx.credentials.playservices.HiddenActivity"
68-->[androidx.credentials:credentials-play-services-auth:1.5.0-rc01] AndroidManifest.xml:35:13-76
69            android:configChanges="orientation|screenSize|screenLayout|keyboardHidden"
69-->[androidx.credentials:credentials-play-services-auth:1.5.0-rc01] AndroidManifest.xml:36:13-87
70            android:enabled="true"
70-->[androidx.credentials:credentials-play-services-auth:1.5.0-rc01] AndroidManifest.xml:37:13-35
71            android:exported="false"
71-->[androidx.credentials:credentials-play-services-auth:1.5.0-rc01] AndroidManifest.xml:38:13-37
72            android:fitsSystemWindows="true"
72-->[androidx.credentials:credentials-play-services-auth:1.5.0-rc01] AndroidManifest.xml:39:13-45
73            android:theme="@style/Theme.Hidden" >
73-->[androidx.credentials:credentials-play-services-auth:1.5.0-rc01] AndroidManifest.xml:40:13-48
74        </activity>
75        <activity
75-->[androidx.credentials:credentials-play-services-auth:1.5.0-rc01] AndroidManifest.xml:42:9-49:20
76            android:name="androidx.credentials.playservices.IdentityCredentialApiHiddenActivity"
76-->[androidx.credentials:credentials-play-services-auth:1.5.0-rc01] AndroidManifest.xml:43:13-97
77            android:configChanges="orientation|screenSize|screenLayout|keyboardHidden"
77-->[androidx.credentials:credentials-play-services-auth:1.5.0-rc01] AndroidManifest.xml:44:13-87
78            android:enabled="true"
78-->[androidx.credentials:credentials-play-services-auth:1.5.0-rc01] AndroidManifest.xml:45:13-35
79            android:exported="false"
79-->[androidx.credentials:credentials-play-services-auth:1.5.0-rc01] AndroidManifest.xml:46:13-37
80            android:fitsSystemWindows="true"
80-->[androidx.credentials:credentials-play-services-auth:1.5.0-rc01] AndroidManifest.xml:47:13-45
81            android:theme="@style/Theme.Hidden" >
81-->[androidx.credentials:credentials-play-services-auth:1.5.0-rc01] AndroidManifest.xml:48:13-48
82        </activity>
83        <activity
83-->[androidx.compose.ui:ui-test-manifest:1.7.2] AndroidManifest.xml:23:9-25:39
84            android:name="androidx.activity.ComponentActivity"
84-->[androidx.compose.ui:ui-test-manifest:1.7.2] AndroidManifest.xml:24:13-63
85            android:exported="true" />
85-->[androidx.compose.ui:ui-test-manifest:1.7.2] AndroidManifest.xml:25:13-36
86        <activity
86-->[androidx.compose.ui:ui-tooling-android:1.7.2] AndroidManifest.xml:23:9-25:39
87            android:name="androidx.compose.ui.tooling.PreviewActivity"
87-->[androidx.compose.ui:ui-tooling-android:1.7.2] AndroidManifest.xml:24:13-71
88            android:exported="true" />
88-->[androidx.compose.ui:ui-tooling-android:1.7.2] AndroidManifest.xml:25:13-36
89
90        <service
90-->[com.google.firebase:firebase-firestore-ktx:24.10.0] AndroidManifest.xml:9:9-15:19
91            android:name="com.google.firebase.components.ComponentDiscoveryService"
91-->[com.google.firebase:firebase-firestore-ktx:24.10.0] AndroidManifest.xml:10:13-84
92            android:directBootAware="true"
92-->[com.google.firebase:firebase-common:21.0.0] AndroidManifest.xml:32:13-43
93            android:exported="false" >
93-->[com.google.firebase:firebase-firestore-ktx:24.10.0] AndroidManifest.xml:11:13-37
94            <meta-data
94-->[com.google.firebase:firebase-firestore-ktx:24.10.0] AndroidManifest.xml:12:13-14:85
95                android:name="com.google.firebase.components:com.google.firebase.firestore.ktx.FirebaseFirestoreLegacyRegistrar"
95-->[com.google.firebase:firebase-firestore-ktx:24.10.0] AndroidManifest.xml:13:17-129
96                android:value="com.google.firebase.components.ComponentRegistrar" />
96-->[com.google.firebase:firebase-firestore-ktx:24.10.0] AndroidManifest.xml:14:17-82
97            <meta-data
97-->[com.google.firebase:firebase-firestore:25.1.2] AndroidManifest.xml:17:13-19:85
98                android:name="com.google.firebase.components:com.google.firebase.firestore.FirebaseFirestoreKtxRegistrar"
98-->[com.google.firebase:firebase-firestore:25.1.2] AndroidManifest.xml:18:17-122
99                android:value="com.google.firebase.components.ComponentRegistrar" />
99-->[com.google.firebase:firebase-firestore:25.1.2] AndroidManifest.xml:19:17-82
100            <meta-data
100-->[com.google.firebase:firebase-firestore:25.1.2] AndroidManifest.xml:20:13-22:85
101                android:name="com.google.firebase.components:com.google.firebase.firestore.FirestoreRegistrar"
101-->[com.google.firebase:firebase-firestore:25.1.2] AndroidManifest.xml:21:17-111
102                android:value="com.google.firebase.components.ComponentRegistrar" />
102-->[com.google.firebase:firebase-firestore:25.1.2] AndroidManifest.xml:22:17-82
103            <meta-data
103-->[com.google.firebase:firebase-storage-ktx:20.3.0] AndroidManifest.xml:12:13-14:85
104                android:name="com.google.firebase.components:com.google.firebase.storage.ktx.FirebaseStorageLegacyRegistrar"
104-->[com.google.firebase:firebase-storage-ktx:20.3.0] AndroidManifest.xml:13:17-125
105                android:value="com.google.firebase.components.ComponentRegistrar" />
105-->[com.google.firebase:firebase-storage-ktx:20.3.0] AndroidManifest.xml:14:17-82
106            <meta-data
106-->[com.google.firebase:firebase-storage:21.0.1] AndroidManifest.xml:30:13-32:85
107                android:name="com.google.firebase.components:com.google.firebase.storage.FirebaseStorageKtxRegistrar"
107-->[com.google.firebase:firebase-storage:21.0.1] AndroidManifest.xml:31:17-118
108                android:value="com.google.firebase.components.ComponentRegistrar" />
108-->[com.google.firebase:firebase-storage:21.0.1] AndroidManifest.xml:32:17-82
109            <meta-data
109-->[com.google.firebase:firebase-storage:21.0.1] AndroidManifest.xml:33:13-35:85
110                android:name="com.google.firebase.components:com.google.firebase.storage.StorageRegistrar"
110-->[com.google.firebase:firebase-storage:21.0.1] AndroidManifest.xml:34:17-107
111                android:value="com.google.firebase.components.ComponentRegistrar" />
111-->[com.google.firebase:firebase-storage:21.0.1] AndroidManifest.xml:35:17-82
112            <meta-data
112-->[com.google.firebase:firebase-messaging-ktx:23.4.0] AndroidManifest.xml:26:13-28:85
113                android:name="com.google.firebase.components:com.google.firebase.messaging.ktx.FirebaseMessagingLegacyRegistrar"
113-->[com.google.firebase:firebase-messaging-ktx:23.4.0] AndroidManifest.xml:27:17-129
114                android:value="com.google.firebase.components.ComponentRegistrar" />
114-->[com.google.firebase:firebase-messaging-ktx:23.4.0] AndroidManifest.xml:28:17-82
115            <meta-data
115-->[com.google.firebase:firebase-messaging:23.4.0] AndroidManifest.xml:57:13-59:85
116                android:name="com.google.firebase.components:com.google.firebase.messaging.FirebaseMessagingKtxRegistrar"
116-->[com.google.firebase:firebase-messaging:23.4.0] AndroidManifest.xml:58:17-122
117                android:value="com.google.firebase.components.ComponentRegistrar" />
117-->[com.google.firebase:firebase-messaging:23.4.0] AndroidManifest.xml:59:17-82
118            <meta-data
118-->[com.google.firebase:firebase-messaging:23.4.0] AndroidManifest.xml:60:13-62:85
119                android:name="com.google.firebase.components:com.google.firebase.messaging.FirebaseMessagingRegistrar"
119-->[com.google.firebase:firebase-messaging:23.4.0] AndroidManifest.xml:61:17-119
120                android:value="com.google.firebase.components.ComponentRegistrar" />
120-->[com.google.firebase:firebase-messaging:23.4.0] AndroidManifest.xml:62:17-82
121            <meta-data
121-->[com.google.firebase:firebase-appcheck:17.1.1] AndroidManifest.xml:25:13-27:85
122                android:name="com.google.firebase.components:com.google.firebase.appcheck.FirebaseAppCheckKtxRegistrar"
122-->[com.google.firebase:firebase-appcheck:17.1.1] AndroidManifest.xml:26:17-120
123                android:value="com.google.firebase.components.ComponentRegistrar" />
123-->[com.google.firebase:firebase-appcheck:17.1.1] AndroidManifest.xml:27:17-82
124            <meta-data
124-->[com.google.firebase:firebase-appcheck:17.1.1] AndroidManifest.xml:28:13-30:85
125                android:name="com.google.firebase.components:com.google.firebase.appcheck.FirebaseAppCheckRegistrar"
125-->[com.google.firebase:firebase-appcheck:17.1.1] AndroidManifest.xml:29:17-117
126                android:value="com.google.firebase.components.ComponentRegistrar" />
126-->[com.google.firebase:firebase-appcheck:17.1.1] AndroidManifest.xml:30:17-82
127            <meta-data
127-->[com.google.firebase:firebase-auth-ktx:22.3.0] AndroidManifest.xml:11:13-13:85
128                android:name="com.google.firebase.components:com.google.firebase.auth.ktx.FirebaseAuthLegacyRegistrar"
128-->[com.google.firebase:firebase-auth-ktx:22.3.0] AndroidManifest.xml:12:17-119
129                android:value="com.google.firebase.components.ComponentRegistrar" />
129-->[com.google.firebase:firebase-auth-ktx:22.3.0] AndroidManifest.xml:13:17-82
130            <meta-data
130-->[com.google.firebase:firebase-auth:22.3.0] AndroidManifest.xml:69:13-71:85
131                android:name="com.google.firebase.components:com.google.firebase.auth.FirebaseAuthRegistrar"
131-->[com.google.firebase:firebase-auth:22.3.0] AndroidManifest.xml:70:17-109
132                android:value="com.google.firebase.components.ComponentRegistrar" />
132-->[com.google.firebase:firebase-auth:22.3.0] AndroidManifest.xml:71:17-82
133            <meta-data
133-->[com.google.firebase:firebase-installations:17.2.0] AndroidManifest.xml:15:13-17:85
134                android:name="com.google.firebase.components:com.google.firebase.installations.FirebaseInstallationsKtxRegistrar"
134-->[com.google.firebase:firebase-installations:17.2.0] AndroidManifest.xml:16:17-130
135                android:value="com.google.firebase.components.ComponentRegistrar" />
135-->[com.google.firebase:firebase-installations:17.2.0] AndroidManifest.xml:17:17-82
136            <meta-data
136-->[com.google.firebase:firebase-installations:17.2.0] AndroidManifest.xml:18:13-20:85
137                android:name="com.google.firebase.components:com.google.firebase.installations.FirebaseInstallationsRegistrar"
137-->[com.google.firebase:firebase-installations:17.2.0] AndroidManifest.xml:19:17-127
138                android:value="com.google.firebase.components.ComponentRegistrar" />
138-->[com.google.firebase:firebase-installations:17.2.0] AndroidManifest.xml:20:17-82
139            <meta-data
139-->[com.google.firebase:firebase-common-ktx:21.0.0] AndroidManifest.xml:12:13-14:85
140                android:name="com.google.firebase.components:com.google.firebase.ktx.FirebaseCommonLegacyRegistrar"
140-->[com.google.firebase:firebase-common-ktx:21.0.0] AndroidManifest.xml:13:17-116
141                android:value="com.google.firebase.components.ComponentRegistrar" />
141-->[com.google.firebase:firebase-common-ktx:21.0.0] AndroidManifest.xml:14:17-82
142            <meta-data
142-->[com.google.firebase:firebase-common:21.0.0] AndroidManifest.xml:35:13-37:85
143                android:name="com.google.firebase.components:com.google.firebase.FirebaseCommonKtxRegistrar"
143-->[com.google.firebase:firebase-common:21.0.0] AndroidManifest.xml:36:17-109
144                android:value="com.google.firebase.components.ComponentRegistrar" />
144-->[com.google.firebase:firebase-common:21.0.0] AndroidManifest.xml:37:17-82
145            <meta-data
145-->[com.google.firebase:firebase-datatransport:18.1.7] AndroidManifest.xml:27:13-29:85
146                android:name="com.google.firebase.components:com.google.firebase.datatransport.TransportRegistrar"
146-->[com.google.firebase:firebase-datatransport:18.1.7] AndroidManifest.xml:28:17-115
147                android:value="com.google.firebase.components.ComponentRegistrar" />
147-->[com.google.firebase:firebase-datatransport:18.1.7] AndroidManifest.xml:29:17-82
148        </service>
149
150        <receiver
150-->[com.google.firebase:firebase-messaging:23.4.0] AndroidManifest.xml:29:9-40:20
151            android:name="com.google.firebase.iid.FirebaseInstanceIdReceiver"
151-->[com.google.firebase:firebase-messaging:23.4.0] AndroidManifest.xml:30:13-78
152            android:exported="true"
152-->[com.google.firebase:firebase-messaging:23.4.0] AndroidManifest.xml:31:13-36
153            android:permission="com.google.android.c2dm.permission.SEND" >
153-->[com.google.firebase:firebase-messaging:23.4.0] AndroidManifest.xml:32:13-73
154            <intent-filter>
154-->[com.google.firebase:firebase-messaging:23.4.0] AndroidManifest.xml:33:13-35:29
155                <action android:name="com.google.android.c2dm.intent.RECEIVE" />
155-->[com.google.firebase:firebase-messaging:23.4.0] AndroidManifest.xml:34:17-81
155-->[com.google.firebase:firebase-messaging:23.4.0] AndroidManifest.xml:34:25-78
156            </intent-filter>
157
158            <meta-data
158-->[com.google.firebase:firebase-messaging:23.4.0] AndroidManifest.xml:37:13-39:40
159                android:name="com.google.android.gms.cloudmessaging.FINISHED_AFTER_HANDLED"
159-->[com.google.firebase:firebase-messaging:23.4.0] AndroidManifest.xml:38:17-92
160                android:value="true" />
160-->[com.google.firebase:firebase-messaging:23.4.0] AndroidManifest.xml:39:17-37
161        </receiver>
162        <!--
163             FirebaseMessagingService performs security checks at runtime,
164             but set to not exported to explicitly avoid allowing another app to call it.
165        -->
166        <service
166-->[com.google.firebase:firebase-messaging:23.4.0] AndroidManifest.xml:46:9-53:19
167            android:name="com.google.firebase.messaging.FirebaseMessagingService"
167-->[com.google.firebase:firebase-messaging:23.4.0] AndroidManifest.xml:47:13-82
168            android:directBootAware="true"
168-->[com.google.firebase:firebase-messaging:23.4.0] AndroidManifest.xml:48:13-43
169            android:exported="false" >
169-->[com.google.firebase:firebase-messaging:23.4.0] AndroidManifest.xml:49:13-37
170            <intent-filter android:priority="-500" >
170-->[com.google.firebase:firebase-messaging:23.4.0] AndroidManifest.xml:50:13-52:29
170-->[com.google.firebase:firebase-messaging:23.4.0] AndroidManifest.xml:50:28-51
171                <action android:name="com.google.firebase.MESSAGING_EVENT" />
171-->[com.google.firebase:firebase-messaging:23.4.0] AndroidManifest.xml:51:17-78
171-->[com.google.firebase:firebase-messaging:23.4.0] AndroidManifest.xml:51:25-75
172            </intent-filter>
173        </service>
174
175        <activity
175-->[com.google.firebase:firebase-auth:22.3.0] AndroidManifest.xml:29:9-46:20
176            android:name="com.google.firebase.auth.internal.GenericIdpActivity"
176-->[com.google.firebase:firebase-auth:22.3.0] AndroidManifest.xml:30:13-80
177            android:excludeFromRecents="true"
177-->[com.google.firebase:firebase-auth:22.3.0] AndroidManifest.xml:31:13-46
178            android:exported="true"
178-->[com.google.firebase:firebase-auth:22.3.0] AndroidManifest.xml:32:13-36
179            android:launchMode="singleTask"
179-->[com.google.firebase:firebase-auth:22.3.0] AndroidManifest.xml:33:13-44
180            android:theme="@android:style/Theme.Translucent.NoTitleBar" >
180-->[com.google.firebase:firebase-auth:22.3.0] AndroidManifest.xml:34:13-72
181            <intent-filter>
181-->[com.google.firebase:firebase-auth:22.3.0] AndroidManifest.xml:35:13-45:29
182                <action android:name="android.intent.action.VIEW" />
182-->[com.google.firebase:firebase-auth:22.3.0] AndroidManifest.xml:36:17-69
182-->[com.google.firebase:firebase-auth:22.3.0] AndroidManifest.xml:36:25-66
183
184                <category android:name="android.intent.category.DEFAULT" />
184-->[com.google.firebase:firebase-auth:22.3.0] AndroidManifest.xml:38:17-76
184-->[com.google.firebase:firebase-auth:22.3.0] AndroidManifest.xml:38:27-73
185                <category android:name="android.intent.category.BROWSABLE" />
185-->[com.google.firebase:firebase-auth:22.3.0] AndroidManifest.xml:39:17-78
185-->[com.google.firebase:firebase-auth:22.3.0] AndroidManifest.xml:39:27-75
186
187                <data
187-->[com.google.firebase:firebase-auth:22.3.0] AndroidManifest.xml:41:17-44:51
188                    android:host="firebase.auth"
188-->[com.google.firebase:firebase-auth:22.3.0] AndroidManifest.xml:42:21-49
189                    android:path="/"
189-->[com.google.firebase:firebase-auth:22.3.0] AndroidManifest.xml:43:21-37
190                    android:scheme="genericidp" />
190-->[com.google.firebase:firebase-auth:22.3.0] AndroidManifest.xml:44:21-48
191            </intent-filter>
192        </activity>
193        <activity
193-->[com.google.firebase:firebase-auth:22.3.0] AndroidManifest.xml:47:9-64:20
194            android:name="com.google.firebase.auth.internal.RecaptchaActivity"
194-->[com.google.firebase:firebase-auth:22.3.0] AndroidManifest.xml:48:13-79
195            android:excludeFromRecents="true"
195-->[com.google.firebase:firebase-auth:22.3.0] AndroidManifest.xml:49:13-46
196            android:exported="true"
196-->[com.google.firebase:firebase-auth:22.3.0] AndroidManifest.xml:50:13-36
197            android:launchMode="singleTask"
197-->[com.google.firebase:firebase-auth:22.3.0] AndroidManifest.xml:51:13-44
198            android:theme="@android:style/Theme.Translucent.NoTitleBar" >
198-->[com.google.firebase:firebase-auth:22.3.0] AndroidManifest.xml:52:13-72
199            <intent-filter>
199-->[com.google.firebase:firebase-auth:22.3.0] AndroidManifest.xml:53:13-63:29
200                <action android:name="android.intent.action.VIEW" />
200-->[com.google.firebase:firebase-auth:22.3.0] AndroidManifest.xml:36:17-69
200-->[com.google.firebase:firebase-auth:22.3.0] AndroidManifest.xml:36:25-66
201
202                <category android:name="android.intent.category.DEFAULT" />
202-->[com.google.firebase:firebase-auth:22.3.0] AndroidManifest.xml:38:17-76
202-->[com.google.firebase:firebase-auth:22.3.0] AndroidManifest.xml:38:27-73
203                <category android:name="android.intent.category.BROWSABLE" />
203-->[com.google.firebase:firebase-auth:22.3.0] AndroidManifest.xml:39:17-78
203-->[com.google.firebase:firebase-auth:22.3.0] AndroidManifest.xml:39:27-75
204
205                <data
205-->[com.google.firebase:firebase-auth:22.3.0] AndroidManifest.xml:41:17-44:51
206                    android:host="firebase.auth"
206-->[com.google.firebase:firebase-auth:22.3.0] AndroidManifest.xml:42:21-49
207                    android:path="/"
207-->[com.google.firebase:firebase-auth:22.3.0] AndroidManifest.xml:43:21-37
208                    android:scheme="recaptcha" />
208-->[com.google.firebase:firebase-auth:22.3.0] AndroidManifest.xml:44:21-48
209            </intent-filter>
210        </activity>
211        <activity
211-->[com.google.android.gms:play-services-auth:21.1.1] AndroidManifest.xml:23:9-27:75
212            android:name="com.google.android.gms.auth.api.signin.internal.SignInHubActivity"
212-->[com.google.android.gms:play-services-auth:21.1.1] AndroidManifest.xml:24:13-93
213            android:excludeFromRecents="true"
213-->[com.google.android.gms:play-services-auth:21.1.1] AndroidManifest.xml:25:13-46
214            android:exported="false"
214-->[com.google.android.gms:play-services-auth:21.1.1] AndroidManifest.xml:26:13-37
215            android:theme="@android:style/Theme.Translucent.NoTitleBar" />
215-->[com.google.android.gms:play-services-auth:21.1.1] AndroidManifest.xml:27:13-72
216        <!--
217            Service handling Google Sign-In user revocation. For apps that do not integrate with
218            Google Sign-In, this service will never be started.
219        -->
220        <service
220-->[com.google.android.gms:play-services-auth:21.1.1] AndroidManifest.xml:33:9-37:51
221            android:name="com.google.android.gms.auth.api.signin.RevocationBoundService"
221-->[com.google.android.gms:play-services-auth:21.1.1] AndroidManifest.xml:34:13-89
222            android:exported="true"
222-->[com.google.android.gms:play-services-auth:21.1.1] AndroidManifest.xml:35:13-36
223            android:permission="com.google.android.gms.auth.api.signin.permission.REVOCATION_NOTIFICATION"
223-->[com.google.android.gms:play-services-auth:21.1.1] AndroidManifest.xml:36:13-107
224            android:visibleToInstantApps="true" />
224-->[com.google.android.gms:play-services-auth:21.1.1] AndroidManifest.xml:37:13-48
225
226        <activity
226-->[com.google.android.gms:play-services-base:18.5.0] AndroidManifest.xml:5:9-173
227            android:name="com.google.android.gms.common.api.GoogleApiActivity"
227-->[com.google.android.gms:play-services-base:18.5.0] AndroidManifest.xml:5:19-85
228            android:exported="false"
228-->[com.google.android.gms:play-services-base:18.5.0] AndroidManifest.xml:5:146-170
229            android:theme="@android:style/Theme.Translucent.NoTitleBar" />
229-->[com.google.android.gms:play-services-base:18.5.0] AndroidManifest.xml:5:86-145
230
231        <provider
231-->[com.google.firebase:firebase-common:21.0.0] AndroidManifest.xml:23:9-28:39
232            android:name="com.google.firebase.provider.FirebaseInitProvider"
232-->[com.google.firebase:firebase-common:21.0.0] AndroidManifest.xml:24:13-77
233            android:authorities="com.example.login.firebaseinitprovider"
233-->[com.google.firebase:firebase-common:21.0.0] AndroidManifest.xml:25:13-72
234            android:directBootAware="true"
234-->[com.google.firebase:firebase-common:21.0.0] AndroidManifest.xml:26:13-43
235            android:exported="false"
235-->[com.google.firebase:firebase-common:21.0.0] AndroidManifest.xml:27:13-37
236            android:initOrder="100" />
236-->[com.google.firebase:firebase-common:21.0.0] AndroidManifest.xml:28:13-36
237
238        <service
238-->[androidx.room:room-runtime:2.6.1] AndroidManifest.xml:24:9-28:63
239            android:name="androidx.room.MultiInstanceInvalidationService"
239-->[androidx.room:room-runtime:2.6.1] AndroidManifest.xml:25:13-74
240            android:directBootAware="true"
240-->[androidx.room:room-runtime:2.6.1] AndroidManifest.xml:26:13-43
241            android:exported="false" />
241-->[androidx.room:room-runtime:2.6.1] AndroidManifest.xml:27:13-37
242
243        <provider
243-->[androidx.emoji2:emoji2:1.3.0] AndroidManifest.xml:24:9-32:20
244            android:name="androidx.startup.InitializationProvider"
244-->[androidx.emoji2:emoji2:1.3.0] AndroidManifest.xml:25:13-67
245            android:authorities="com.example.login.androidx-startup"
245-->[androidx.emoji2:emoji2:1.3.0] AndroidManifest.xml:26:13-68
246            android:exported="false" >
246-->[androidx.emoji2:emoji2:1.3.0] AndroidManifest.xml:27:13-37
247            <meta-data
247-->[androidx.emoji2:emoji2:1.3.0] AndroidManifest.xml:29:13-31:52
248                android:name="androidx.emoji2.text.EmojiCompatInitializer"
248-->[androidx.emoji2:emoji2:1.3.0] AndroidManifest.xml:30:17-75
249                android:value="androidx.startup" />
249-->[androidx.emoji2:emoji2:1.3.0] AndroidManifest.xml:31:17-49
250            <meta-data